<?xml version="1.0" encoding="UTF-8"?>
<!-- Generated by org.testng.reporters.JUnitReportReporter -->
<testsuite hostname="SAKSHITONAPE" failures="0" tests="2" name="com.crm.generic.baseutility.orgtest.OrgNameUsingBaseClassTest" time="70.257" errors="0" timestamp="2025-06-12T16:06:02 IST" skipped="0">
  <testcase classname="com.crm.generic.baseutility.orgtest.OrgNameUsingBaseClassTest" name="orgNameTest" time="33.670"/>
  <system-out/>
  <testcase classname="com.crm.generic.baseutility.orgtest.OrgNameUsingBaseClassTest" name="orgIndustryTypeTest" time="36.587"/>
  <system-out/>
</testsuite> <!-- com.crm.generic.baseutility.orgtest.OrgNameUsingBaseClassTest -->
