<?xml version="1.0" encoding="UTF-8"?>
<!-- Generated by org.testng.reporters.JUnitReportReporter -->
<testsuite hostname="SAKSHITONAPE" failures="0" tests="1" name="com.comcast.advancereporting.AttachScreenshotToReportTest" time="13.401" errors="0" timestamp="2025-06-12T13:26:28 IST" skipped="0">
  <testcase classname="com.comcast.advancereporting.AttachScreenshotToReportTest" name="createOrg" time="13.401"/>
  <system-out/>
</testsuite> <!-- com.comcast.advancereporting.AttachScreenshotToReportTest -->
